<?xml version="1.0" encoding="UTF-8"?>
<!-- Generated by org.testng.reporters.JUnitReportReporter -->
<testsuite hostname="user1" failures="0" tests="1" name="testScript.New_test" time="6.261" errors="0" timestamp="2025-03-25T16:50:19 IST" skipped="0">
  <testcase classname="testScript.New_test" name="daynamicWebTable" time="6.261"/>
</testsuite> <!-- testScript.New_test -->
