<?xml version="1.0" encoding="UTF-8"?>
<!-- Generated by org.testng.reporters.JUnitReportReporter -->
<testsuite hostname="user1" failures="0" tests="1" name="testScript.Radio_check" time="8.334" errors="0" timestamp="2025-03-27T15:39:39 IST" skipped="0">
  <testcase classname="testScript.Radio_check" name="raido" time="8.334"/>
</testsuite> <!-- testScript.Radio_check -->
