<?xml version="1.0" encoding="UTF-8"?>
<!-- Generated by org.testng.reporters.JUnitReportReporter -->
<testsuite hostname="user1" failures="0" tests="1" name="testScript.Display_class" time="5.167" errors="0" timestamp="2025-03-27T15:10:05 IST" skipped="0">
  <testcase classname="testScript.Display_class" name="display" time="5.167"/>
</testsuite> <!-- testScript.Display_class -->
